[06-Apr-2018 13:24:16 UTC] PHP Notice:  Undefined index: SERVER_SOFTWARE in phar:///usr/local/bin/wp/php/WP_CLI/Runner.php(1020) : eval()'d code on line 75
[06-Apr-2018 13:24:17 UTC] PHP Notice:  Undefined index: SERVER_SOFTWARE in phar:///usr/local/bin/wp/php/WP_CLI/Runner.php(1020) : eval()'d code on line 75
[06-Apr-2018 13:24:19 UTC] PHP Notice:  Undefined index: SERVER_SOFTWARE in phar:///usr/local/bin/wp/php/WP_CLI/Runner.php(1020) : eval()'d code on line 75
[06-Apr-2018 13:24:20 UTC] PHP Notice:  Undefined index: SERVER_SOFTWARE in phar:///usr/local/bin/wp/php/WP_CLI/Runner.php(1020) : eval()'d code on line 75
[06-Apr-2018 13:24:22 UTC] PHP Notice:  Undefined index: SERVER_SOFTWARE in phar:///usr/local/bin/wp/php/WP_CLI/Runner.php(1020) : eval()'d code on line 75
[06-Apr-2018 13:24:22 UTC] PHP Notice:  Undefined index: SERVER_SOFTWARE in phar:///usr/local/bin/wp/php/WP_CLI/Runner.php(1020) : eval()'d code on line 75
[06-Apr-2018 13:24:56 UTC] WordPress database error Table 'local.wp_options' doesn't exist for query SELECT option_value FROM wp_options WHERE option_name = '_transient_doing_cron' LIMIT 1 made by _get_cron_lock
[06-Apr-2018 13:28:44 UTC] PHP Fatal error:  Uncaught PDOException: SQLSTATE[HY000] [1049] Unknown database 'licques' in /app/public/cuisine.php:63
Stack trace:
#0 /app/public/cuisine.php(63): PDO->__construct('mysql:dbname=li...', 'root', 'root')
#1 {main}
  thrown in /app/public/cuisine.php on line 63
[06-Apr-2018 13:29:41 UTC] PHP Fatal error:  Uncaught PDOException: SQLSTATE[HY000] [1049] Unknown database 'licques' in /app/public/cuisine.php:63
Stack trace:
#0 /app/public/cuisine.php(63): PDO->__construct('mysql:dbname=li...', 'root', 'root')
#1 {main}
  thrown in /app/public/cuisine.php on line 63
[06-Apr-2018 13:34:39 UTC] PHP Notice:  Array to string conversion in /app/public/cuisine.php on line 70
[06-Apr-2018 14:01:38 UTC] PHP Notice:  Array to string conversion in /app/public/cuisine.php on line 72
[06-Apr-2018 14:02:33 UTC] PHP Parse error:  syntax error, unexpected '' (T_ENCAPSED_AND_WHITESPACE), expecting '-' or identifier (T_STRING) or variable (T_VARIABLE) or number (T_NUM_STRING) in /app/public/cuisine.php on line 72
[06-Apr-2018 14:03:00 UTC] PHP Parse error:  syntax error, unexpected '$ligne' (T_VARIABLE), expecting ',' or ';' in /app/public/cuisine.php on line 72
[06-Apr-2018 14:06:52 UTC] PHP Parse error:  syntax error, unexpected '' (T_ENCAPSED_AND_WHITESPACE), expecting '-' or identifier (T_STRING) or variable (T_VARIABLE) or number (T_NUM_STRING) in /app/public/cuisine.php on line 72
[06-Apr-2018 14:15:20 UTC] PHP Parse error:  syntax error, unexpected 'Images' (T_STRING), expecting ',' or ';' in /app/public/cuisine.php on line 65
[06-Apr-2018 14:27:09 UTC] PHP Parse error:  syntax error, unexpected '' (T_ENCAPSED_AND_WHITESPACE), expecting '-' or identifier (T_STRING) or variable (T_VARIABLE) or number (T_NUM_STRING) in /app/public/cuisine.php on line 65
[20-Apr-2018 15:03:44 UTC] PHP Warning:  include(config.inc.php): failed to open stream: No such file or directory in /app/public/reservation.php on line 102
[20-Apr-2018 15:03:44 UTC] PHP Warning:  include(): Failed opening 'config.inc.php' for inclusion (include_path='.:/usr/share/php:/www/wp-content/pear') in /app/public/reservation.php on line 102
[20-Apr-2018 15:03:44 UTC] PHP Fatal error:  Uncaught Error: Call to undefined function mysql_connect() in /app/public/reservation.php:103
Stack trace:
#0 {main}
  thrown in /app/public/reservation.php on line 103
[20-Apr-2018 15:11:05 UTC] PHP Warning:  include(config.inc.php): failed to open stream: No such file or directory in /app/public/reservation.php on line 102
[20-Apr-2018 15:11:05 UTC] PHP Warning:  include(): Failed opening 'config.inc.php' for inclusion (include_path='.:/usr/share/php:/www/wp-content/pear') in /app/public/reservation.php on line 102
[20-Apr-2018 15:11:05 UTC] PHP Fatal error:  Uncaught Error: Call to undefined function mysql_query() in /app/public/reservation.php:105
Stack trace:
#0 {main}
  thrown in /app/public/reservation.php on line 105
[20-Apr-2018 15:12:03 UTC] PHP Warning:  include(config.inc.php): failed to open stream: No such file or directory in /app/public/reservation.php on line 102
[20-Apr-2018 15:12:03 UTC] PHP Warning:  include(): Failed opening 'config.inc.php' for inclusion (include_path='.:/usr/share/php:/www/wp-content/pear') in /app/public/reservation.php on line 102
[20-Apr-2018 15:12:03 UTC] PHP Fatal error:  Uncaught Error: Call to undefined function fetch_array() in /app/public/reservation.php:106
Stack trace:
#0 {main}
  thrown in /app/public/reservation.php on line 106
[20-Apr-2018 15:12:27 UTC] PHP Fatal error:  Uncaught Error: Call to undefined function fetch_array() in /app/public/reservation.php:106
Stack trace:
#0 {main}
  thrown in /app/public/reservation.php on line 106
[20-Apr-2018 15:15:07 UTC] PHP Fatal error:  Uncaught Error: Call to undefined method PDOStatement::fetch_array() in /app/public/reservation.php:106
Stack trace:
#0 {main}
  thrown in /app/public/reservation.php on line 106
[20-Apr-2018 15:16:15 UTC] PHP Fatal error:  Uncaught Error: Call to undefined function close() in /app/public/reservation.php:114
Stack trace:
#0 {main}
  thrown in /app/public/reservation.php on line 114
[20-Apr-2018 20:13:37 UTC] PHP Notice:  Undefined index: Mail in /app/public/contact.php on line 114
[20-Apr-2018 20:14:39 UTC] PHP Notice:  Undefined index: Nom in /app/public/contact.php on line 111
[20-Apr-2018 20:14:39 UTC] PHP Notice:  Undefined index: Prenom in /app/public/contact.php on line 112
[20-Apr-2018 20:14:39 UTC] PHP Notice:  Undefined index: Message in /app/public/contact.php on line 113
[20-Apr-2018 20:14:39 UTC] PHP Notice:  Undefined index: Mail in /app/public/contact.php on line 114
[20-Apr-2018 20:14:39 UTC] PHP Notice:  Undefined index: Objet in /app/public/contact.php on line 115
[20-Apr-2018 20:16:36 UTC] PHP Notice:  Undefined index: Nom in /app/public/contact.php on line 112
[20-Apr-2018 20:16:36 UTC] PHP Notice:  Undefined index: Prenom in /app/public/contact.php on line 113
[20-Apr-2018 20:16:36 UTC] PHP Notice:  Undefined index: Message in /app/public/contact.php on line 114
[20-Apr-2018 20:16:36 UTC] PHP Notice:  Undefined index: Mail in /app/public/contact.php on line 115
[20-Apr-2018 20:16:36 UTC] PHP Notice:  Undefined index: Objet in /app/public/contact.php on line 116
[20-Apr-2018 20:17:01 UTC] PHP Notice:  Undefined index: Nom in /app/public/contact.php on line 112
[20-Apr-2018 20:17:01 UTC] PHP Notice:  Undefined index: Prenom in /app/public/contact.php on line 113
[20-Apr-2018 20:17:01 UTC] PHP Notice:  Undefined index: Message in /app/public/contact.php on line 114
[20-Apr-2018 20:17:01 UTC] PHP Notice:  Undefined index: Mail in /app/public/contact.php on line 115
[20-Apr-2018 20:17:01 UTC] PHP Notice:  Undefined index: Objet in /app/public/contact.php on line 116
[20-Apr-2018 20:18:00 UTC] PHP Notice:  Undefined index: Nom in /app/public/contact.php on line 112
[20-Apr-2018 20:18:00 UTC] PHP Notice:  Undefined index: Prenom in /app/public/contact.php on line 113
[20-Apr-2018 20:18:00 UTC] PHP Notice:  Undefined index: Message in /app/public/contact.php on line 114
[20-Apr-2018 20:18:00 UTC] PHP Notice:  Undefined index: Mail in /app/public/contact.php on line 115
[20-Apr-2018 20:18:00 UTC] PHP Notice:  Undefined index: Objet in /app/public/contact.php on line 116
[20-Apr-2018 20:37:22 UTC] PHP Notice:  Undefined index: Nom in /app/public/contact.php on line 112
[20-Apr-2018 20:37:22 UTC] PHP Notice:  Undefined index: Prenom in /app/public/contact.php on line 113
[20-Apr-2018 20:37:22 UTC] PHP Notice:  Undefined index: Message in /app/public/contact.php on line 114
[20-Apr-2018 20:37:22 UTC] PHP Notice:  Undefined index: Mail in /app/public/contact.php on line 115
[20-Apr-2018 20:37:22 UTC] PHP Notice:  Undefined index: Objet in /app/public/contact.php on line 116
[20-Apr-2018 20:40:06 UTC] PHP Notice:  Use of undefined constant erreur - assumed 'erreur' in /app/public/contact.php on line 123
[20-Apr-2018 20:43:43 UTC] PHP Notice:  Undefined index: Nom in /app/public/contact.php on line 112
[20-Apr-2018 20:43:43 UTC] PHP Notice:  Undefined index: Prenom in /app/public/contact.php on line 113
[20-Apr-2018 20:43:43 UTC] PHP Notice:  Undefined index: Message in /app/public/contact.php on line 114
[20-Apr-2018 20:43:43 UTC] PHP Notice:  Undefined index: Mail in /app/public/contact.php on line 115
[20-Apr-2018 20:43:43 UTC] PHP Notice:  Undefined index: Objet in /app/public/contact.php on line 116
[20-Apr-2018 20:48:29 UTC] PHP Fatal error:  Uncaught Error: Call to a member function fetch() on boolean in /app/public/reservation.php:107
Stack trace:
#0 {main}
  thrown in /app/public/reservation.php on line 107
[20-Apr-2018 20:48:30 UTC] PHP Notice:  Undefined index: Nom in /app/public/contact.php on line 112
[20-Apr-2018 20:48:30 UTC] PHP Notice:  Undefined index: Prenom in /app/public/contact.php on line 113
[20-Apr-2018 20:48:30 UTC] PHP Notice:  Undefined index: Message in /app/public/contact.php on line 114
[20-Apr-2018 20:48:30 UTC] PHP Notice:  Undefined index: Mail in /app/public/contact.php on line 115
[20-Apr-2018 20:48:30 UTC] PHP Notice:  Undefined index: Objet in /app/public/contact.php on line 116
[20-Apr-2018 20:52:41 UTC] PHP Notice:  Undefined index: Nom in /app/public/contact.php on line 112
[20-Apr-2018 20:52:41 UTC] PHP Notice:  Undefined index: Prenom in /app/public/contact.php on line 113
[20-Apr-2018 20:52:41 UTC] PHP Notice:  Undefined index: Message in /app/public/contact.php on line 114
[20-Apr-2018 20:52:41 UTC] PHP Notice:  Undefined index: Mail in /app/public/contact.php on line 115
[20-Apr-2018 20:52:41 UTC] PHP Notice:  Undefined index: Objet in /app/public/contact.php on line 116
[20-Apr-2018 20:53:44 UTC] PHP Fatal error:  Uncaught Error: Call to a member function fetch() on boolean in /app/public/reservation.php:107
Stack trace:
#0 {main}
  thrown in /app/public/reservation.php on line 107
[20-Apr-2018 20:53:47 UTC] PHP Notice:  Undefined index: Nom in /app/public/contact.php on line 112
[20-Apr-2018 20:53:47 UTC] PHP Notice:  Undefined index: Prenom in /app/public/contact.php on line 113
[20-Apr-2018 20:53:47 UTC] PHP Notice:  Undefined index: Message in /app/public/contact.php on line 114
[20-Apr-2018 20:53:47 UTC] PHP Notice:  Undefined index: Mail in /app/public/contact.php on line 115
[20-Apr-2018 20:53:47 UTC] PHP Notice:  Undefined index: Objet in /app/public/contact.php on line 116
[20-Apr-2018 20:56:36 UTC] PHP Fatal error:  Uncaught Error: Call to a member function fetch() on boolean in /app/public/reservation.php:107
Stack trace:
#0 {main}
  thrown in /app/public/reservation.php on line 107
[20-Apr-2018 20:56:48 UTC] PHP Notice:  Undefined variable: db in /app/public/contactsend.php on line 9
[20-Apr-2018 20:56:48 UTC] PHP Fatal error:  Uncaught Error: Call to a member function query() on null in /app/public/contactsend.php:9
Stack trace:
#0 {main}
  thrown in /app/public/contactsend.php on line 9
[20-Apr-2018 21:13:00 UTC] PHP Fatal error:  Uncaught Error: Call to a member function fetch() on boolean in /app/public/reservation.php:107
Stack trace:
#0 {main}
  thrown in /app/public/reservation.php on line 107
